<?xml version="1.0" encoding="UTF-8"?>
<testng-results ignored="0" total="1" passed="1" failed="0" skipped="0">
  <reporter-output>
  </reporter-output>
  <suite started-at="2023-12-30T17:34:23 IST" name="Default suite" finished-at="2023-12-30T17:34:30 IST" duration-ms="7249">
    <groups>
    </groups>
    <test started-at="2023-12-30T17:34:23 IST" name="Default test" finished-at="2023-12-30T17:34:30 IST" duration-ms="7249">
      <class name="Testing_ObsqDemoSite.TClassObsqDemo">
        <test-method is-config="true" signature="intialiazation()[pri:0, instance:Testing_ObsqDemoSite.TClassObsqDemo@16d04d3d]" started-at="2023-12-30T17:34:23 IST" name="intialiazation" finished-at="2023-12-30T17:34:29 IST" duration-ms="6323" status="PASS">
          <reporter-output>
          </reporter-output>
        </test-method> <!-- intialiazation -->
        <test-method signature="testcase01()[pri:0, instance:Testing_ObsqDemoSite.TClassObsqDemo@16d04d3d]" started-at="2023-12-30T17:34:29 IST" name="testcase01" finished-at="2023-12-30T17:34:30 IST" duration-ms="894" status="PASS">
          <reporter-output>
          </reporter-output>
        </test-method> <!-- testcase01 -->
      </class> <!-- Testing_ObsqDemoSite.TClassObsqDemo -->
    </test> <!-- Default test -->
  </suite> <!-- Default suite -->
</testng-results>
